{"timestamp": "2025-07-19T16:16:44.242055Z", "level": "ERROR", "logger": "confluence_auto.main", "message": "페이지 처리 오류: 'ContentAnalyzer' object has no attribute 'analyze'", "module": "logging_config", "function": "_log_with_context", "line": 75}
{"timestamp": "2025-07-19T16:16:44.247563Z", "level": "ERROR", "logger": "confluence_auto.main", "message": "페이지 처리 오류: 'ContentAnalyzer' object has no attribute 'analyze'", "module": "logging_config", "function": "_log_with_context", "line": 75}
{"timestamp": "2025-07-19T16:16:44.249566Z", "level": "ERROR", "logger": "confluence_auto.main", "message": "페이지 처리 오류: 'ContentAnalyzer' object has no attribute 'analyze'", "module": "logging_config", "function": "_log_with_context", "line": 75}
{"timestamp": "2025-07-19T16:16:44.251564Z", "level": "ERROR", "logger": "confluence_auto.main", "message": "페이지 처리 오류: 'ContentAnalyzer' object has no attribute 'analyze'", "module": "logging_config", "function": "_log_with_context", "line": 75}
{"timestamp": "2025-07-19T16:16:44.253570Z", "level": "ERROR", "logger": "confluence_auto.main", "message": "페이지 처리 오류: 'ContentAnalyzer' object has no attribute 'analyze'", "module": "logging_config", "function": "_log_with_context", "line": 75}
{"timestamp": "2025-07-19T16:16:44.255564Z", "level": "ERROR", "logger": "confluence_auto.main", "message": "페이지 처리 오류: 'ContentAnalyzer' object has no attribute 'analyze'", "module": "logging_config", "function": "_log_with_context", "line": 75}
{"timestamp": "2025-07-19T16:16:44.256563Z", "level": "ERROR", "logger": "confluence_auto.main", "message": "페이지 처리 오류: 'ContentAnalyzer' object has no attribute 'analyze'", "module": "logging_config", "function": "_log_with_context", "line": 75}
{"timestamp": "2025-07-19T16:16:44.258564Z", "level": "ERROR", "logger": "confluence_auto.main", "message": "페이지 처리 오류: 'ContentAnalyzer' object has no attribute 'analyze'", "module": "logging_config", "function": "_log_with_context", "line": 75}
{"timestamp": "2025-07-19T16:16:44.259563Z", "level": "ERROR", "logger": "confluence_auto.main", "message": "페이지 처리 오류: 'ContentAnalyzer' object has no attribute 'analyze'", "module": "logging_config", "function": "_log_with_context", "line": 75}
{"timestamp": "2025-07-19T16:16:44.261564Z", "level": "ERROR", "logger": "confluence_auto.main", "message": "페이지 처리 오류: 'ContentAnalyzer' object has no attribute 'analyze'", "module": "logging_config", "function": "_log_with_context", "line": 75}
{"timestamp": "2025-07-19T16:16:44.263564Z", "level": "ERROR", "logger": "confluence_auto.main", "message": "페이지 처리 오류: 'ContentAnalyzer' object has no attribute 'analyze'", "module": "logging_config", "function": "_log_with_context", "line": 75}
{"timestamp": "2025-07-19T16:16:44.264563Z", "level": "ERROR", "logger": "confluence_auto.main", "message": "페이지 처리 오류: 'ContentAnalyzer' object has no attribute 'analyze'", "module": "logging_config", "function": "_log_with_context", "line": 75}
{"timestamp": "2025-07-19T16:16:44.268562Z", "level": "ERROR", "logger": "confluence_auto.main", "message": "페이지 처리 오류: 'ContentAnalyzer' object has no attribute 'analyze'", "module": "logging_config", "function": "_log_with_context", "line": 75}
{"timestamp": "2025-07-19T16:16:44.270565Z", "level": "ERROR", "logger": "confluence_auto.main", "message": "페이지 처리 오류: 'ContentAnalyzer' object has no attribute 'analyze'", "module": "logging_config", "function": "_log_with_context", "line": 75}
{"timestamp": "2025-07-19T16:16:44.271564Z", "level": "ERROR", "logger": "confluence_auto.main", "message": "페이지 처리 오류: 'ContentAnalyzer' object has no attribute 'analyze'", "module": "logging_config", "function": "_log_with_context", "line": 75}
{"timestamp": "2025-07-19T16:16:44.273563Z", "level": "ERROR", "logger": "confluence_auto.main", "message": "페이지 처리 오류: 'ContentAnalyzer' object has no attribute 'analyze'", "module": "logging_config", "function": "_log_with_context", "line": 75}
{"timestamp": "2025-07-19T16:16:44.275565Z", "level": "ERROR", "logger": "confluence_auto.main", "message": "페이지 처리 오류: 'ContentAnalyzer' object has no attribute 'analyze'", "module": "logging_config", "function": "_log_with_context", "line": 75}
{"timestamp": "2025-07-19T16:16:44.276565Z", "level": "ERROR", "logger": "confluence_auto.main", "message": "페이지 처리 오류: 'ContentAnalyzer' object has no attribute 'analyze'", "module": "logging_config", "function": "_log_with_context", "line": 75}
{"timestamp": "2025-07-19T16:16:44.278564Z", "level": "ERROR", "logger": "confluence_auto.main", "message": "페이지 처리 오류: 'ContentAnalyzer' object has no attribute 'analyze'", "module": "logging_config", "function": "_log_with_context", "line": 75}
{"timestamp": "2025-07-19T16:16:44.280564Z", "level": "ERROR", "logger": "confluence_auto.main", "message": "페이지 처리 오류: 'ContentAnalyzer' object has no attribute 'analyze'", "module": "logging_config", "function": "_log_with_context", "line": 75}
{"timestamp": "2025-07-19T16:16:44.283564Z", "level": "ERROR", "logger": "confluence_auto.main", "message": "페이지 처리 오류: 'ContentAnalyzer' object has no attribute 'analyze'", "module": "logging_config", "function": "_log_with_context", "line": 75}
{"timestamp": "2025-07-19T16:16:44.286565Z", "level": "ERROR", "logger": "confluence_auto.main", "message": "페이지 처리 오류: 'ContentAnalyzer' object has no attribute 'analyze'", "module": "logging_config", "function": "_log_with_context", "line": 75}
{"timestamp": "2025-07-19T16:16:44.289563Z", "level": "ERROR", "logger": "confluence_auto.main", "message": "페이지 처리 오류: 'ContentAnalyzer' object has no attribute 'analyze'", "module": "logging_config", "function": "_log_with_context", "line": 75}
{"timestamp": "2025-07-19T16:16:44.292564Z", "level": "ERROR", "logger": "confluence_auto.main", "message": "페이지 처리 오류: 'ContentAnalyzer' object has no attribute 'analyze'", "module": "logging_config", "function": "_log_with_context", "line": 75}
{"timestamp": "2025-07-19T16:16:44.295564Z", "level": "ERROR", "logger": "confluence_auto.main", "message": "페이지 처리 오류: 'ContentAnalyzer' object has no attribute 'analyze'", "module": "logging_config", "function": "_log_with_context", "line": 75}
{"timestamp": "2025-07-19T16:16:44.299565Z", "level": "ERROR", "logger": "confluence_auto.main", "message": "페이지 처리 오류: 'ContentAnalyzer' object has no attribute 'analyze'", "module": "logging_config", "function": "_log_with_context", "line": 75}
{"timestamp": "2025-07-19T16:16:44.304564Z", "level": "ERROR", "logger": "confluence_auto.main", "message": "페이지 처리 오류: 'ContentAnalyzer' object has no attribute 'analyze'", "module": "logging_config", "function": "_log_with_context", "line": 75}
{"timestamp": "2025-07-19T16:16:44.307567Z", "level": "ERROR", "logger": "confluence_auto.main", "message": "페이지 처리 오류: 'ContentAnalyzer' object has no attribute 'analyze'", "module": "logging_config", "function": "_log_with_context", "line": 75}
{"timestamp": "2025-07-19T16:16:44.311563Z", "level": "ERROR", "logger": "confluence_auto.main", "message": "페이지 처리 오류: 'ContentAnalyzer' object has no attribute 'analyze'", "module": "logging_config", "function": "_log_with_context", "line": 75}
{"timestamp": "2025-07-19T16:16:44.314563Z", "level": "ERROR", "logger": "confluence_auto.main", "message": "페이지 처리 오류: 'ContentAnalyzer' object has no attribute 'analyze'", "module": "logging_config", "function": "_log_with_context", "line": 75}
{"timestamp": "2025-07-19T16:16:44.317563Z", "level": "ERROR", "logger": "confluence_auto.main", "message": "페이지 처리 오류: 'ContentAnalyzer' object has no attribute 'analyze'", "module": "logging_config", "function": "_log_with_context", "line": 75}
{"timestamp": "2025-07-19T16:16:44.319563Z", "level": "ERROR", "logger": "confluence_auto.main", "message": "페이지 처리 오류: 'ContentAnalyzer' object has no attribute 'analyze'", "module": "logging_config", "function": "_log_with_context", "line": 75}
{"timestamp": "2025-07-19T16:16:44.322564Z", "level": "ERROR", "logger": "confluence_auto.main", "message": "페이지 처리 오류: 'ContentAnalyzer' object has no attribute 'analyze'", "module": "logging_config", "function": "_log_with_context", "line": 75}
{"timestamp": "2025-07-19T16:16:44.324565Z", "level": "ERROR", "logger": "confluence_auto.main", "message": "페이지 처리 오류: 'ContentAnalyzer' object has no attribute 'analyze'", "module": "logging_config", "function": "_log_with_context", "line": 75}
{"timestamp": "2025-07-19T16:16:44.327564Z", "level": "ERROR", "logger": "confluence_auto.main", "message": "페이지 처리 오류: 'ContentAnalyzer' object has no attribute 'analyze'", "module": "logging_config", "function": "_log_with_context", "line": 75}
{"timestamp": "2025-07-19T16:16:44.340567Z", "level": "ERROR", "logger": "confluence_auto.main", "message": "페이지 처리 오류: 'ContentAnalyzer' object has no attribute 'analyze'", "module": "logging_config", "function": "_log_with_context", "line": 75}
{"timestamp": "2025-07-19T16:16:44.343571Z", "level": "ERROR", "logger": "confluence_auto.main", "message": "페이지 처리 오류: 'ContentAnalyzer' object has no attribute 'analyze'", "module": "logging_config", "function": "_log_with_context", "line": 75}
{"timestamp": "2025-07-19T16:16:44.346614Z", "level": "ERROR", "logger": "confluence_auto.main", "message": "페이지 처리 오류: 'ContentAnalyzer' object has no attribute 'analyze'", "module": "logging_config", "function": "_log_with_context", "line": 75}
{"timestamp": "2025-07-19T16:16:44.350123Z", "level": "ERROR", "logger": "confluence_auto.main", "message": "페이지 처리 오류: 'ContentAnalyzer' object has no attribute 'analyze'", "module": "logging_config", "function": "_log_with_context", "line": 75}
{"timestamp": "2025-07-19T16:16:44.351121Z", "level": "ERROR", "logger": "confluence_auto.main", "message": "페이지 처리 오류: 'ContentAnalyzer' object has no attribute 'analyze'", "module": "logging_config", "function": "_log_with_context", "line": 75}
{"timestamp": "2025-07-19T16:16:44.355126Z", "level": "ERROR", "logger": "confluence_auto.main", "message": "페이지 처리 오류: 'ContentAnalyzer' object has no attribute 'analyze'", "module": "logging_config", "function": "_log_with_context", "line": 75}
{"timestamp": "2025-07-19T16:16:44.357121Z", "level": "ERROR", "logger": "confluence_auto.main", "message": "페이지 처리 오류: 'ContentAnalyzer' object has no attribute 'analyze'", "module": "logging_config", "function": "_log_with_context", "line": 75}
{"timestamp": "2025-07-19T16:16:44.359122Z", "level": "ERROR", "logger": "confluence_auto.main", "message": "페이지 처리 오류: 'ContentAnalyzer' object has no attribute 'analyze'", "module": "logging_config", "function": "_log_with_context", "line": 75}
{"timestamp": "2025-07-19T16:16:44.361123Z", "level": "ERROR", "logger": "confluence_auto.main", "message": "페이지 처리 오류: 'ContentAnalyzer' object has no attribute 'analyze'", "module": "logging_config", "function": "_log_with_context", "line": 75}
{"timestamp": "2025-07-19T16:18:48.387049Z", "level": "ERROR", "logger": "confluence_auto.main", "message": "페이지 처리 오류: name 'special_keywords' is not defined", "module": "logging_config", "function": "_log_with_context", "line": 75}
{"timestamp": "2025-07-19T16:18:50.383090Z", "level": "ERROR", "logger": "confluence_auto.main", "message": "페이지 처리 오류: name 'special_keywords' is not defined", "module": "logging_config", "function": "_log_with_context", "line": 75}
{"timestamp": "2025-07-19T16:18:52.301496Z", "level": "ERROR", "logger": "confluence_auto.main", "message": "페이지 처리 오류: name 'special_keywords' is not defined", "module": "logging_config", "function": "_log_with_context", "line": 75}
{"timestamp": "2025-07-19T16:18:54.285710Z", "level": "ERROR", "logger": "confluence_auto.main", "message": "페이지 처리 오류: name 'special_keywords' is not defined", "module": "logging_config", "function": "_log_with_context", "line": 75}
{"timestamp": "2025-07-19T16:18:55.885640Z", "level": "ERROR", "logger": "confluence_auto.main", "message": "페이지 처리 오류: name 'special_keywords' is not defined", "module": "logging_config", "function": "_log_with_context", "line": 75}
{"timestamp": "2025-07-19T16:18:57.573074Z", "level": "ERROR", "logger": "confluence_auto.main", "message": "페이지 처리 오류: name 'special_keywords' is not defined", "module": "logging_config", "function": "_log_with_context", "line": 75}
{"timestamp": "2025-07-19T16:18:59.976638Z", "level": "ERROR", "logger": "confluence_auto.main", "message": "페이지 처리 오류: name 'special_keywords' is not defined", "module": "logging_config", "function": "_log_with_context", "line": 75}
{"timestamp": "2025-07-19T16:19:02.173294Z", "level": "ERROR", "logger": "confluence_auto.main", "message": "페이지 처리 오류: name 'special_keywords' is not defined", "module": "logging_config", "function": "_log_with_context", "line": 75}
{"timestamp": "2025-07-19T16:19:04.014934Z", "level": "ERROR", "logger": "confluence_auto.main", "message": "페이지 처리 오류: name 'special_keywords' is not defined", "module": "logging_config", "function": "_log_with_context", "line": 75}
{"timestamp": "2025-07-19T16:19:06.073404Z", "level": "ERROR", "logger": "confluence_auto.main", "message": "페이지 처리 오류: name 'special_keywords' is not defined", "module": "logging_config", "function": "_log_with_context", "line": 75}
{"timestamp": "2025-07-19T16:19:07.944011Z", "level": "ERROR", "logger": "confluence_auto.main", "message": "페이지 처리 오류: name 'special_keywords' is not defined", "module": "logging_config", "function": "_log_with_context", "line": 75}
{"timestamp": "2025-07-19T16:19:09.986265Z", "level": "ERROR", "logger": "confluence_auto.main", "message": "페이지 처리 오류: name 'special_keywords' is not defined", "module": "logging_config", "function": "_log_with_context", "line": 75}
{"timestamp": "2025-07-19T16:19:11.712079Z", "level": "ERROR", "logger": "confluence_auto.main", "message": "페이지 처리 오류: name 'special_keywords' is not defined", "module": "logging_config", "function": "_log_with_context", "line": 75}
{"timestamp": "2025-07-19T16:19:13.477904Z", "level": "ERROR", "logger": "confluence_auto.main", "message": "페이지 처리 오류: name 'special_keywords' is not defined", "module": "logging_config", "function": "_log_with_context", "line": 75}
{"timestamp": "2025-07-19T16:19:15.351565Z", "level": "ERROR", "logger": "confluence_auto.main", "message": "페이지 처리 오류: name 'special_keywords' is not defined", "module": "logging_config", "function": "_log_with_context", "line": 75}
{"timestamp": "2025-07-19T16:19:16.977926Z", "level": "ERROR", "logger": "confluence_auto.main", "message": "페이지 처리 오류: name 'special_keywords' is not defined", "module": "logging_config", "function": "_log_with_context", "line": 75}
{"timestamp": "2025-07-19T16:19:18.597626Z", "level": "ERROR", "logger": "confluence_auto.main", "message": "페이지 처리 오류: name 'special_keywords' is not defined", "module": "logging_config", "function": "_log_with_context", "line": 75}
{"timestamp": "2025-07-19T16:19:21.077509Z", "level": "ERROR", "logger": "confluence_auto.main", "message": "페이지 처리 오류: name 'special_keywords' is not defined", "module": "logging_config", "function": "_log_with_context", "line": 75}
{"timestamp": "2025-07-19T16:19:23.577460Z", "level": "ERROR", "logger": "confluence_auto.main", "message": "페이지 처리 오류: name 'special_keywords' is not defined", "module": "logging_config", "function": "_log_with_context", "line": 75}
{"timestamp": "2025-07-19T16:19:26.748781Z", "level": "ERROR", "logger": "confluence_auto.main", "message": "페이지 처리 오류: name 'special_keywords' is not defined", "module": "logging_config", "function": "_log_with_context", "line": 75}
{"timestamp": "2025-07-19T16:19:29.463560Z", "level": "ERROR", "logger": "confluence_auto.main", "message": "페이지 처리 오류: name 'special_keywords' is not defined", "module": "logging_config", "function": "_log_with_context", "line": 75}
{"timestamp": "2025-07-19T16:19:32.695756Z", "level": "ERROR", "logger": "confluence_auto.main", "message": "페이지 처리 오류: name 'special_keywords' is not defined", "module": "logging_config", "function": "_log_with_context", "line": 75}
{"timestamp": "2025-07-19T16:19:34.418798Z", "level": "ERROR", "logger": "confluence_auto.main", "message": "페이지 처리 오류: name 'special_keywords' is not defined", "module": "logging_config", "function": "_log_with_context", "line": 75}
{"timestamp": "2025-07-19T16:19:36.339797Z", "level": "ERROR", "logger": "confluence_auto.main", "message": "페이지 처리 오류: name 'special_keywords' is not defined", "module": "logging_config", "function": "_log_with_context", "line": 75}
{"timestamp": "2025-07-19T16:19:38.682475Z", "level": "ERROR", "logger": "confluence_auto.main", "message": "페이지 처리 오류: name 'special_keywords' is not defined", "module": "logging_config", "function": "_log_with_context", "line": 75}
{"timestamp": "2025-07-20T06:01:24.544264Z", "level": "ERROR", "logger": "confluence_auto.main", "message": "사용자 목록 조회 오류: 'OptimizedDatabaseManager' object has no attribute 'get_all_persons'", "module": "logging_config", "function": "_log_with_context", "line": 75}
{"timestamp": "2025-07-20T06:01:24.544264Z", "level": "ERROR", "logger": "confluence_auto.exception_handlers", "message": "서버 에러 발생: 500", "module": "logging_config", "function": "_log_with_context", "line": 75, "extra": {"status_code": 500, "detail": "사용자 목록 조회 중 오류가 발생했습니다.", "request_info": {"url": "http://localhost:8001/api/users", "method": "GET", "headers": {"host": "localhost:8001", "connection": "keep-alive", "sec-ch-ua-platform": "\"Windows\"", "user-agent": "Mozilla/5.0 (Windows NT 10.0; Win64; x64) AppleWebKit/537.36 (KHTML, like Gecko) Chrome/138.0.0.0 Safari/537.36 Edg/138.0.0.0", "sec-ch-ua": "\"Not)A;Brand\";v=\"8\", \"Chromium\";v=\"138\", \"Microsoft Edge\";v=\"138\"", "sec-ch-ua-mobile": "?0", "accept": "*/*", "sec-fetch-site": "same-origin", "sec-fetch-mode": "cors", "sec-fetch-dest": "empty", "referer": "http://localhost:8001/user-mindmap", "accept-encoding": "gzip, deflate, br, zstd", "accept-language": "ko,en;q=0.9,en-US;q=0.8", "cookie": "confluence.list.pages.cookie=list-content-tree; ajs_user_id=4fc25cb049bf33325f261bc87c0f7045cd71b094; ajs_anonymous_id=6979ceb6-ec2a-4d24-a7e1-87f50c485425; seraph.confluence=5079042%3Afa3b2f41608c436108029efdff469767aefbee90; JSESSIONID=50CCE2964D30AD61DEA9635821AD72FC"}, "status_code": 500}}, "status_code": 500}
{"timestamp": "2025-07-20T06:13:14.448201Z", "level": "ERROR", "logger": "confluence_auto.main", "message": "사용자 목록 조회 오류: 'OptimizedDatabaseManager' object has no attribute 'get_all_persons'", "module": "logging_config", "function": "_log_with_context", "line": 75}
{"timestamp": "2025-07-20T06:13:14.448201Z", "level": "ERROR", "logger": "confluence_auto.exception_handlers", "message": "서버 에러 발생: 500", "module": "logging_config", "function": "_log_with_context", "line": 75, "extra": {"status_code": 500, "detail": "사용자 목록 조회 중 오류가 발생했습니다.", "request_info": {"url": "http://localhost:8001/api/users", "method": "GET", "headers": {"host": "localhost:8001", "user-agent": "curl/8.8.0", "accept": "*/*"}, "status_code": 500}}, "status_code": 500}
{"timestamp": "2025-07-20T06:21:05.060386Z", "level": "ERROR", "logger": "confluence_auto.main", "message": "사용자 목록 조회 오류: 'OptimizedDatabaseManager' object has no attribute 'get_all_persons'", "module": "logging_config", "function": "_log_with_context", "line": 75}
{"timestamp": "2025-07-20T06:21:05.060386Z", "level": "ERROR", "logger": "confluence_auto.exception_handlers", "message": "서버 에러 발생: 500", "module": "logging_config", "function": "_log_with_context", "line": 75, "extra": {"status_code": 500, "detail": "사용자 목록 조회 중 오류가 발생했습니다.", "request_info": {"url": "http://localhost:8001/api/users", "method": "GET", "headers": {"host": "localhost:8001", "user-agent": "curl/8.8.0", "accept": "*/*"}, "status_code": 500}}, "status_code": 500}
{"timestamp": "2025-07-20T06:23:52.625742Z", "level": "ERROR", "logger": "confluence_auto.main", "message": "사용자 목록 조회 오류: 'OptimizedDatabaseManager' object has no attribute 'get_all_persons'", "module": "logging_config", "function": "_log_with_context", "line": 75}
{"timestamp": "2025-07-20T06:23:52.626742Z", "level": "ERROR", "logger": "confluence_auto.exception_handlers", "message": "서버 에러 발생: 500", "module": "logging_config", "function": "_log_with_context", "line": 75, "extra": {"status_code": 500, "detail": "사용자 목록 조회 중 오류가 발생했습니다.", "request_info": {"url": "http://localhost:8001/api/users", "method": "GET", "headers": {"host": "localhost:8001", "connection": "keep-alive", "sec-ch-ua-platform": "\"Windows\"", "user-agent": "Mozilla/5.0 (Windows NT 10.0; Win64; x64) AppleWebKit/537.36 (KHTML, like Gecko) Chrome/138.0.0.0 Safari/537.36", "sec-ch-ua": "\"Not)A;Brand\";v=\"8\", \"Chromium\";v=\"138\", \"Google Chrome\";v=\"138\"", "sec-ch-ua-mobile": "?0", "accept": "*/*", "sec-fetch-site": "same-origin", "sec-fetch-mode": "cors", "sec-fetch-dest": "empty", "referer": "http://localhost:8001/user-mindmap", "accept-encoding": "gzip, deflate, br, zstd", "accept-language": "ko-KR,ko;q=0.9,en-US;q=0.8,en;q=0.7"}, "status_code": 500}}, "status_code": 500}
{"timestamp": "2025-07-20T06:24:41.376884Z", "level": "ERROR", "logger": "confluence_auto.main", "message": "사용자 목록 조회 오류: 'OptimizedDatabaseManager' object has no attribute 'get_all_persons'", "module": "logging_config", "function": "_log_with_context", "line": 75}
{"timestamp": "2025-07-20T06:24:41.376884Z", "level": "ERROR", "logger": "confluence_auto.exception_handlers", "message": "서버 에러 발생: 500", "module": "logging_config", "function": "_log_with_context", "line": 75, "extra": {"status_code": 500, "detail": "사용자 목록 조회 중 오류가 발생했습니다.", "request_info": {"url": "http://localhost:8001/api/users", "method": "GET", "headers": {"host": "localhost:8001", "user-agent": "curl/8.8.0", "accept": "*/*"}, "status_code": 500}}, "status_code": 500}
{"timestamp": "2025-07-20T06:25:52.601009Z", "level": "ERROR", "logger": "confluence_auto.main", "message": "사용자 목록 조회 오류: 'OptimizedDatabaseManager' object has no attribute 'get_all_persons'", "module": "logging_config", "function": "_log_with_context", "line": 75}
{"timestamp": "2025-07-20T06:25:52.601009Z", "level": "ERROR", "logger": "confluence_auto.exception_handlers", "message": "서버 에러 발생: 500", "module": "logging_config", "function": "_log_with_context", "line": 75, "extra": {"status_code": 500, "detail": "사용자 목록 조회 중 오류가 발생했습니다.", "request_info": {"url": "http://localhost:8001/api/users", "method": "GET", "headers": {"host": "localhost:8001", "user-agent": "curl/8.8.0", "accept": "*/*"}, "status_code": 500}}, "status_code": 500}
{"timestamp": "2025-07-20T08:34:07.866533Z", "level": "ERROR", "logger": "confluence_auto.database", "message": "페이지 삭제 실패", "module": "logging_config", "function": "_log_with_context", "line": 75, "extra": {"page_id": "1146896", "error": "(sqlite3.IntegrityError) FOREIGN KEY constraint failed\n[SQL: DELETE FROM pages WHERE pages.page_id = ?]\n[parameters: ('1146896',)]\n(Background on this error at: https://sqlalche.me/e/20/gkpj)"}, "page_id": "1146896"}
{"timestamp": "2025-07-20T09:00:28.467606Z", "level": "ERROR", "logger": "confluence_auto.database", "message": "페이지 삭제 실패", "module": "logging_config", "function": "_log_with_context", "line": 75, "extra": {"page_id": "1146911", "error": "(sqlite3.IntegrityError) FOREIGN KEY constraint failed\n[SQL: DELETE FROM pages WHERE pages.page_id = ?]\n[parameters: ('1146911',)]\n(Background on this error at: https://sqlalche.me/e/20/gkpj)"}, "page_id": "1146911"}
{"timestamp": "2025-07-20T09:00:34.080630Z", "level": "ERROR", "logger": "confluence_auto.database", "message": "페이지 삭제 실패", "module": "logging_config", "function": "_log_with_context", "line": 75, "extra": {"page_id": "1146913", "error": "(sqlite3.IntegrityError) FOREIGN KEY constraint failed\n[SQL: DELETE FROM pages WHERE pages.page_id = ?]\n[parameters: ('1146913',)]\n(Background on this error at: https://sqlalche.me/e/20/gkpj)"}, "page_id": "1146913"}
{"timestamp": "2025-07-20T09:03:15.297994Z", "level": "ERROR", "logger": "confluence_auto.database", "message": "페이지 삭제 실패", "module": "logging_config", "function": "_log_with_context", "line": 75, "extra": {"page_id": "163916", "error": "(sqlite3.IntegrityError) FOREIGN KEY constraint failed\n[SQL: DELETE FROM pages WHERE pages.page_id = ?]\n[parameters: ('163916',)]\n(Background on this error at: https://sqlalche.me/e/20/gkpj)"}, "page_id": "163916"}
{"timestamp": "2025-07-20T09:10:22.928003Z", "level": "ERROR", "logger": "confluence_auto.database", "message": "페이지 삭제 실패", "module": "logging_config", "function": "_log_with_context", "line": 75, "extra": {"page_id": "163942", "error": "(sqlite3.IntegrityError) FOREIGN KEY constraint failed\n[SQL: DELETE FROM pages WHERE pages.page_id = ?]\n[parameters: ('163942',)]\n(Background on this error at: https://sqlalche.me/e/20/gkpj)"}, "page_id": "163942"}
{"timestamp": "2025-07-20T09:11:09.876467Z", "level": "ERROR", "logger": "confluence_auto.database", "message": "페이지 삭제 실패", "module": "logging_config", "function": "_log_with_context", "line": 75, "extra": {"page_id": "163916", "error": "(sqlite3.IntegrityError) FOREIGN KEY constraint failed\n[SQL: DELETE FROM pages WHERE pages.page_id = ?]\n[parameters: ('163916',)]\n(Background on this error at: https://sqlalche.me/e/20/gkpj)"}, "page_id": "163916"}
{"timestamp": "2025-07-20T09:17:47.297135Z", "level": "ERROR", "logger": "confluence_auto.database", "message": "페이지 삭제 실패", "module": "logging_config", "function": "_log_with_context", "line": 75, "extra": {"page_id": "163942", "error": "(sqlite3.IntegrityError) FOREIGN KEY constraint failed\n[SQL: DELETE FROM pages WHERE pages.page_id = ?]\n[parameters: ('163942',)]\n(Background on this error at: https://sqlalche.me/e/20/gkpj)"}, "page_id": "163942"}
{"timestamp": "2025-07-20T09:18:31.967898Z", "level": "ERROR", "logger": "confluence_auto.database", "message": "페이지 삭제 실패", "module": "logging_config", "function": "_log_with_context", "line": 75, "extra": {"page_id": "1146911", "error": "(sqlite3.IntegrityError) FOREIGN KEY constraint failed\n[SQL: DELETE FROM pages WHERE pages.page_id = ?]\n[parameters: ('1146911',)]\n(Background on this error at: https://sqlalche.me/e/20/gkpj)"}, "page_id": "1146911"}
